\BOOKMARK [0][]{chapter*.2}{Abk\374rzungen}{}% 1
\BOOKMARK [0][]{chapter.1}{Einleitung}{}% 2
\BOOKMARK [1][-]{section.1.1}{Motivation}{chapter.1}% 3
\BOOKMARK [1][-]{section.1.2}{Aufgabenstellung}{chapter.1}% 4
\BOOKMARK [1][-]{section.1.3}{Aufbau der Arbeit}{chapter.1}% 5
\BOOKMARK [0][]{chapter.2}{Grundlagen}{}% 6
\BOOKMARK [1][-]{section.2.1}{Maschinelles Lernen}{chapter.2}% 7
\BOOKMARK [2][-]{subsection.2.1.1}{supervised vs. unsupervised learning}{section.2.1}% 8
\BOOKMARK [2][-]{subsection.2.1.2}{reinforcment learning}{section.2.1}% 9
\BOOKMARK [1][-]{section.2.2}{Bilderkennung /-klassifikation}{chapter.2}% 10
\BOOKMARK [1][-]{section.2.3}{Angriffsm\366glichkeiten auf Neuronale Netzwerke}{chapter.2}% 11
\BOOKMARK [2][-]{subsection.2.3.1}{Modell-Extrahierungs Angriffe}{section.2.3}% 12
\BOOKMARK [2][-]{subsection.2.3.2}{Inferenz-Angriffe}{section.2.3}% 13
\BOOKMARK [2][-]{subsection.2.3.3}{Adversarial-Angriffe}{section.2.3}% 14
\BOOKMARK [2][-]{subsection.2.3.4}{Privatsph\344re-Angriffe}{section.2.3}% 15
\BOOKMARK [0][]{chapter.3}{Stand der Technik}{}% 16
\BOOKMARK [1][-]{section.3.1}{Modell-Inversions Angriffe}{chapter.3}% 17
\BOOKMARK [0][]{chapter.4}{Implementierung}{}% 18
\BOOKMARK [1][-]{section.4.1}{Funktionalit\344t des Codes}{chapter.4}% 19
\BOOKMARK [1][-]{section.4.2}{Code-Beschreibung}{chapter.4}% 20
\BOOKMARK [0][]{chapter.5}{Ergebnisse}{}% 21
\BOOKMARK [1][-]{section.5.1}{Beobachtungen}{chapter.5}% 22
\BOOKMARK [1][-]{section.5.2}{R\374ckschl\374sse}{chapter.5}% 23
\BOOKMARK [0][]{chapter.6}{Zusammenfassung und Ausblick}{}% 24
\BOOKMARK [0][]{chapter.7}{Anhang}{}% 25
\BOOKMARK [0][]{chapter*.5}{Bilderverzeichnis}{}% 26
\BOOKMARK [0][]{chapter*.6}{Tabellen}{}% 27
\BOOKMARK [0][]{chapter*.7}{Literatur}{}% 28
